06:54:20,208 root INFO date2021-01-22
06:54:38,857 root INFO date2021-01-22
06:54:38,857 root INFO feed1, amountgiven 20
06:54:38,857 root INFO feed1, time 10
06:56:03,650 root INFO date2021-01-22
06:56:03,650 root INFO feed1, amountgiven 20
06:56:03,650 root INFO feed1, time 10
06:56:03,650 root INFO feed1, deviation 0
06:56:03,650 root INFO feed2, amountgiven 20
06:56:03,650 root INFO feed2, time 10
06:56:03,650 root INFO feed2, deviation 0
06:56:03,650 root INFO feed3, amountgiven 20
06:56:03,650 root INFO feed3, time 10
06:56:03,650 root INFO feed3, deviation 0
06:57:51,736 root INFO #######################################################
06:57:51,736 root INFO date: 2021-01-22
06:57:51,736 root INFO feed1 amountgiven: 20
06:57:51,736 root INFO feed1 time: 10
06:57:51,736 root INFO feed1 deviation: 0
06:57:51,736 root INFO --------------------------------------------------------
06:57:51,736 root INFO feed2 amountgiven: 20
06:57:51,736 root INFO feed2 time: 10
06:57:51,736 root INFO feed2 deviation: 0
06:57:51,736 root INFO --------------------------------------------------------
06:57:51,736 root INFO feed3 amountgiven: 20
06:57:51,736 root INFO feed3 time:10
06:57:51,736 root INFO feed3 deviation: 0
06:58:43,262 root INFO --------------------------------------------------------
06:58:43,262 root INFO date: 2021-01-22
06:58:43,262 root INFO feed1 amountgiven: 20
06:58:43,262 root INFO feed1 time: 10
06:58:43,262 root INFO feed1 deviation: 0
06:58:43,262 root INFO --------------------------------------------------------
06:58:43,262 root INFO feed2 amountgiven: 20
06:58:43,262 root INFO feed2 time: 10
06:58:43,262 root INFO feed2 deviation: 0
06:58:43,262 root INFO --------------------------------------------------------
06:58:43,262 root INFO feed3 amountgiven: 20
06:58:43,262 root INFO feed3 time:10
06:58:43,262 root INFO feed3 deviation: 0
09:12:52,776 root INFO --------------------------------------------------------
09:12:52,777 root INFO date: 2021-01-22
09:12:52,777 root INFO feed1 amountgiven: 20
09:12:52,777 root INFO feed1 time: 10
09:12:52,777 root INFO feed1 deviation: 0
09:12:52,777 root INFO --------------------------------------------------------
09:12:52,777 root INFO feed2 amountgiven: 20
09:12:52,777 root INFO feed2 time: 10
09:12:52,777 root INFO feed2 deviation: 0
09:12:52,777 root INFO --------------------------------------------------------
09:12:52,777 root INFO feed3 amountgiven: 20
09:12:52,777 root INFO feed3 time:10
09:12:52,777 root INFO feed3 deviation: 0
09:15:28,171 root INFO --------------------------------------------------------
09:15:28,171 root INFO date: 2021-01-22
09:15:28,171 root INFO feed1 amountgiven: 20
09:15:28,171 root INFO feed1 time: 10
09:15:28,171 root INFO feed1 deviation: 0
09:15:28,171 root INFO --------------------------------------------------------
09:15:28,171 root INFO feed2 amountgiven: 20
09:15:28,171 root INFO feed2 time: 10
09:15:28,171 root INFO feed2 deviation: 0
09:15:28,171 root INFO --------------------------------------------------------
09:15:28,171 root INFO feed3 amountgiven: 20
09:15:28,171 root INFO feed3 time:10
09:15:28,171 root INFO feed3 deviation: 0
09:17:14,554 root INFO --------------------------------------------------------
09:17:14,554 root INFO date: 22/03/12
09:17:14,554 root INFO feed1 amountgiven: 0
09:17:14,554 root INFO feed1 time: 0
09:17:14,554 root INFO feed1 deviation: 0
09:17:14,554 root INFO --------------------------------------------------------
09:17:14,554 root INFO feed2 amountgiven: 0
09:17:14,554 root INFO feed2 time: 0
09:17:14,554 root INFO feed2 deviation: 0
09:17:14,554 root INFO --------------------------------------------------------
09:17:14,555 root INFO feed3 amountgiven: 0
09:17:14,555 root INFO feed3 time:0
09:17:14,555 root INFO feed3 deviation: 0
09:18:09,802 root INFO --------------------------------------------------------
09:18:09,802 root INFO date: 22/03/12
09:18:09,802 root INFO feed1 amountgiven: 0
09:18:09,802 root INFO feed1 time: 0
09:18:09,802 root INFO feed1 deviation: 0
09:18:09,802 root INFO --------------------------------------------------------
09:18:09,802 root INFO feed2 amountgiven: 0
09:18:09,802 root INFO feed2 time: 0
09:18:09,802 root INFO feed2 deviation: 0
09:18:09,802 root INFO --------------------------------------------------------
09:18:09,802 root INFO feed3 amountgiven: 0
09:18:09,802 root INFO feed3 time:0
09:18:09,802 root INFO feed3 deviation: 0
